<?xml version="1.0" encoding="UTF-8"?>
<testsuite name="org.example.AppTest" tests="1" skipped="0" failures="0" errors="0" timestamp="2024-11-02T16:48:03" hostname="stamd-ThinkPad" time="0.062">
  <properties/>
  <testcase name="appHasAGreeting()" classname="org.example.AppTest" time="0.062"/>
  <system-out><![CDATA[]]></system-out>
  <system-err><![CDATA[]]></system-err>
</testsuite>
